{"C:\\Users\\joshi\\OneDrive\\Documents\\code\\personal\\GardenUI\\lib\\main.ts": {"path":"C:\\Users\\joshi\\OneDrive\\Documents\\code\\personal\\GardenUI\\lib\\main.ts","statementMap":{"0":{"start":{"line":1,"column":0},"end":{"line":1,"column":7}},"1":{"start":{"line":3,"column":9},"end":{"line":1,"column":41}}},"fnMap":{},"branchMap":{},"s":{"0":0,"1":0},"f":{},"b":{}}
,"C:\\Users\\joshi\\OneDrive\\Documents\\code\\personal\\GardenUI\\lib\\vite-env.d.ts": {"path":"C:\\Users\\joshi\\OneDrive\\Documents\\code\\personal\\GardenUI\\lib\\vite-env.d.ts","statementMap":{},"fnMap":{},"branchMap":{},"s":{},"f":{},"b":{}}
,"C:\\Users\\joshi\\OneDrive\\Documents\\code\\personal\\GardenUI\\lib\\ScrambleText\\ScrambleText.stories.ts": {"path":"C:\\Users\\joshi\\OneDrive\\Documents\\code\\personal\\GardenUI\\lib\\ScrambleText\\ScrambleText.stories.ts","statementMap":{"0":{"start":{"line":3,"column":0},"end":{"line":3,"column":41}},"1":{"start":{"line":6,"column":13},"end":{"line":25,"column":null}},"2":{"start":{"line":27,"column":0},"end":{"line":27,"column":null}},"3":{"start":{"line":32,"column":13},"end":{"line":36,"column":null}}},"fnMap":{},"branchMap":{},"s":{"0":0,"1":0,"2":0,"3":0},"f":{},"b":{}}
,"C:\\Users\\joshi\\OneDrive\\Documents\\code\\personal\\GardenUI\\lib\\ScrambleText\\ScrambleText.tsx": {"path":"C:\\Users\\joshi\\OneDrive\\Documents\\code\\personal\\GardenUI\\lib\\ScrambleText\\ScrambleText.tsx","statementMap":{"0":{"start":{"line":7,"column":0},"end":{"line":7,"column":56}},"1":{"start":{"line":16,"column":44},"end":{"line":20,"column":1}},"2":{"start":{"line":17,"column":24},"end":{"line":17,"column":47}},"3":{"start":{"line":19,"column":2},"end":{"line":19,"column":null}},"4":{"start":{"line":22,"column":0},"end":{"line":22,"column":null}}},"fnMap":{"0":{"name":"(anonymous_0)","decl":{"start":{"line":16,"column":44},"end":{"line":16,"column":45}},"loc":{"start":{"line":16,"column":66},"end":{"line":20,"column":1}}}},"branchMap":{},"s":{"0":1,"1":1,"2":3,"3":3,"4":1},"f":{"0":3},"b":{}}
,"C:\\Users\\joshi\\OneDrive\\Documents\\code\\personal\\GardenUI\\lib\\ScrambleText\\index.ts": {"path":"C:\\Users\\joshi\\OneDrive\\Documents\\code\\personal\\GardenUI\\lib\\ScrambleText\\index.ts","statementMap":{"0":{"start":{"line":1,"column":0},"end":{"line":1,"column":41}},"1":{"start":{"line":3,"column":0},"end":{"line":3,"column":null}}},"fnMap":{},"branchMap":{},"s":{"0":0,"1":0},"f":{},"b":{}}
,"C:\\Users\\joshi\\OneDrive\\Documents\\code\\personal\\GardenUI\\lib\\hooks\\stringHooks.ts": {"path":"C:\\Users\\joshi\\OneDrive\\Documents\\code\\personal\\GardenUI\\lib\\hooks\\stringHooks.ts","statementMap":{"0":{"start":{"line":1,"column":0},"end":{"line":1,"column":43}},"1":{"start":{"line":3,"column":0},"end":{"line":3,"column":54}},"2":{"start":{"line":5,"column":33},"end":{"line":53,"column":1}},"3":{"start":{"line":6,"column":26},"end":{"line":6,"column":46}},"4":{"start":{"line":7,"column":28},"end":{"line":7,"column":52}},"5":{"start":{"line":9,"column":2},"end":{"line":50,"column":null}},"6":{"start":{"line":10,"column":47},"end":{"line":10,"column":56}},"7":{"start":{"line":11,"column":4},"end":{"line":44,"column":5}},"8":{"start":{"line":12,"column":26},"end":{"line":12,"column":27}},"9":{"start":{"line":13,"column":32},"end":{"line":13,"column":33}},"10":{"start":{"line":14,"column":31},"end":{"line":14,"column":36}},"11":{"start":{"line":15,"column":6},"end":{"line":43,"column":null}},"12":{"start":{"line":16,"column":30},"end":{"line":16,"column":32}},"13":{"start":{"line":17,"column":8},"end":{"line":23,"column":9}},"14":{"start":{"line":17,"column":21},"end":{"line":17,"column":22}},"15":{"start":{"line":18,"column":10},"end":{"line":22,"column":11}},"16":{"start":{"line":19,"column":12},"end":{"line":19,"column":null}},"17":{"start":{"line":21,"column":12},"end":{"line":21,"column":null}},"18":{"start":{"line":24,"column":8},"end":{"line":24,"column":null}},"19":{"start":{"line":25,"column":8},"end":{"line":27,"column":9}},"20":{"start":{"line":26,"column":10},"end":{"line":26,"column":null}},"21":{"start":{"line":28,"column":8},"end":{"line":35,"column":9}},"22":{"start":{"line":34,"column":10},"end":{"line":34,"column":null}},"23":{"start":{"line":36,"column":8},"end":{"line":36,"column":null}},"24":{"start":{"line":37,"column":8},"end":{"line":42,"column":9}},"25":{"start":{"line":38,"column":10},"end":{"line":38,"column":null}},"26":{"start":{"line":39,"column":10},"end":{"line":39,"column":null}},"27":{"start":{"line":40,"column":10},"end":{"line":40,"column":null}},"28":{"start":{"line":41,"column":10},"end":{"line":41,"column":null}},"29":{"start":{"line":45,"column":4},"end":{"line":47,"column":5}},"30":{"start":{"line":46,"column":6},"end":{"line":46,"column":null}},"31":{"start":{"line":48,"column":4},"end":{"line":48,"column":null}},"32":{"start":{"line":48,"column":17},"end":{"line":48,"column":40}},"33":{"start":{"line":52,"column":2},"end":{"line":52,"column":null}},"34":{"start":{"line":5,"column":13},"end":{"line":5,"column":33}}},"fnMap":{"0":{"name":"(anonymous_0)","decl":{"start":{"line":5,"column":33},"end":{"line":5,"column":34}},"loc":{"start":{"line":5,"column":65},"end":{"line":53,"column":1}}},"1":{"name":"(anonymous_1)","decl":{"start":{"line":9,"column":12},"end":{"line":9,"column":15}},"loc":{"start":{"line":9,"column":17},"end":{"line":50,"column":3}}},"2":{"name":"(anonymous_2)","decl":{"start":{"line":15,"column":29},"end":{"line":15,"column":32}},"loc":{"start":{"line":15,"column":34},"end":{"line":43,"column":7}}},"3":{"name":"(anonymous_3)","decl":{"start":{"line":48,"column":11},"end":{"line":48,"column":14}},"loc":{"start":{"line":48,"column":17},"end":{"line":48,"column":40}}}},"branchMap":{"0":{"loc":{"start":{"line":11,"column":4},"end":{"line":44,"column":5}},"type":"if","locations":[{"start":{"line":11,"column":4},"end":{"line":44,"column":5}}]},"1":{"loc":{"start":{"line":18,"column":10},"end":{"line":22,"column":11}},"type":"if","locations":[{"start":{"line":18,"column":10},"end":{"line":22,"column":11}},{"start":{"line":20,"column":17},"end":{"line":22,"column":11}}]},"2":{"loc":{"start":{"line":18,"column":14},"end":{"line":18,"column":37}},"type":"binary-expr","locations":[{"start":{"line":18,"column":14},"end":{"line":18,"column":24}},{"start":{"line":18,"column":28},"end":{"line":18,"column":37}}]},"3":{"loc":{"start":{"line":25,"column":8},"end":{"line":27,"column":9}},"type":"if","locations":[{"start":{"line":25,"column":8},"end":{"line":27,"column":9}}]},"4":{"loc":{"start":{"line":28,"column":8},"end":{"line":35,"column":9}},"type":"if","locations":[{"start":{"line":28,"column":8},"end":{"line":35,"column":9}}]},"5":{"loc":{"start":{"line":32,"column":13},"end":{"line":32,"column":61}},"type":"cond-expr","locations":[{"start":{"line":32,"column":39},"end":{"line":32,"column":57}},{"start":{"line":32,"column":60},"end":{"line":32,"column":61}}]},"6":{"loc":{"start":{"line":37,"column":8},"end":{"line":42,"column":9}},"type":"if","locations":[{"start":{"line":37,"column":8},"end":{"line":42,"column":9}}]},"7":{"loc":{"start":{"line":45,"column":4},"end":{"line":47,"column":5}},"type":"if","locations":[{"start":{"line":45,"column":4},"end":{"line":47,"column":5}}]},"8":{"loc":{"start":{"line":45,"column":8},"end":{"line":45,"column":38}},"type":"binary-expr","locations":[{"start":{"line":45,"column":8},"end":{"line":45,"column":28}},{"start":{"line":45,"column":32},"end":{"line":45,"column":38}}]}},"s":{"0":1,"1":1,"2":1,"3":3,"4":3,"5":3,"6":3,"7":3,"8":1,"9":1,"10":1,"11":1,"12":15,"13":15,"14":15,"15":180,"16":78,"17":102,"18":15,"19":15,"20":12,"21":15,"22":13,"23":15,"24":15,"25":1,"26":1,"27":1,"28":1,"29":3,"30":1,"31":3,"32":3,"33":3,"34":1},"f":{"0":3,"1":3,"2":15,"3":3},"b":{"0":[1],"1":[78,102],"2":[180,81],"3":[12],"4":[13],"5":[15,0],"6":[1],"7":[1],"8":[3,2]}}
,"C:\\Users\\joshi\\OneDrive\\Documents\\code\\personal\\GardenUI\\lib\\utils\\stringUtils.ts": {"path":"C:\\Users\\joshi\\OneDrive\\Documents\\code\\personal\\GardenUI\\lib\\utils\\stringUtils.ts","statementMap":{"0":{"start":{"line":1,"column":13},"end":{"line":3,"column":1}},"1":{"start":{"line":2,"column":2},"end":{"line":2,"column":null}},"2":{"start":{"line":5,"column":31},"end":{"line":35,"column":1}},"3":{"start":{"line":6,"column":19},"end":{"line":33,"column":null}},"4":{"start":{"line":34,"column":2},"end":{"line":34,"column":null}},"5":{"start":{"line":5,"column":13},"end":{"line":5,"column":31}},"6":{"start":{"line":37,"column":29},"end":{"line":44,"column":1}},"7":{"start":{"line":38,"column":18},"end":{"line":38,"column":20}},"8":{"start":{"line":39,"column":2},"end":{"line":41,"column":3}},"9":{"start":{"line":39,"column":15},"end":{"line":39,"column":16}},"10":{"start":{"line":40,"column":4},"end":{"line":40,"column":null}},"11":{"start":{"line":43,"column":2},"end":{"line":43,"column":null}},"12":{"start":{"line":37,"column":13},"end":{"line":37,"column":29}}},"fnMap":{"0":{"name":"(anonymous_0)","decl":{"start":{"line":1,"column":13},"end":{"line":1,"column":14}},"loc":{"start":{"line":1,"column":50},"end":{"line":3,"column":1}}},"1":{"name":"(anonymous_1)","decl":{"start":{"line":5,"column":31},"end":{"line":5,"column":42}},"loc":{"start":{"line":5,"column":44},"end":{"line":35,"column":1}}},"2":{"name":"(anonymous_2)","decl":{"start":{"line":37,"column":29},"end":{"line":37,"column":30}},"loc":{"start":{"line":37,"column":54},"end":{"line":44,"column":1}}}},"branchMap":{"0":{"loc":{"start":{"line":40,"column":17},"end":{"line":40,"column":57}},"type":"cond-expr","locations":[{"start":{"line":40,"column":34},"end":{"line":40,"column":37}},{"start":{"line":40,"column":40},"end":{"line":40,"column":57}}]}},"s":{"0":1,"1":102,"2":1,"3":102,"4":102,"5":1,"6":1,"7":0,"8":0,"9":0,"10":0,"11":0,"12":1},"f":{"0":102,"1":102,"2":0},"b":{"0":[0,0]}}
}
