TN:
SF:lib\main.ts
FNF:0
FNH:0
DA:1,0
DA:2,0
DA:4,0
LF:3
LH:0
BRF:0
BRH:0
end_of_record
TN:
SF:lib\vite-env.d.ts
FNF:0
FNH:0
LF:0
LH:0
BRF:0
BRH:0
end_of_record
TN:
SF:lib\ScrambleText\ScrambleText.stories.ts
FNF:0
FNH:0
DA:3,0
DA:6,0
DA:27,0
DA:32,0
LF:4
LH:0
BRF:0
BRH:0
end_of_record
TN:
SF:lib\ScrambleText\ScrambleText.tsx
FN:16,(anonymous_0)
FNF:1
FNH:1
FNDA:3,(anonymous_0)
DA:7,1
DA:16,1
DA:17,3
DA:19,3
DA:22,1
LF:5
LH:5
BRF:0
BRH:0
end_of_record
TN:
SF:lib\ScrambleText\index.ts
FNF:0
FNH:0
DA:1,0
DA:3,0
LF:2
LH:0
BRF:0
BRH:0
end_of_record
TN:
SF:lib\hooks\useHackerScramble\useHackerScramble.ts
FN:5,(anonymous_0)
FN:9,(anonymous_1)
FN:15,(anonymous_2)
FN:48,(anonymous_3)
FNF:4
FNH:4
FNDA:6,(anonymous_0)
FNDA:6,(anonymous_1)
FNDA:33,(anonymous_2)
FNDA:6,(anonymous_3)
DA:1,2
DA:3,2
DA:5,2
DA:6,6
DA:7,6
DA:9,6
DA:10,6
DA:11,6
DA:12,2
DA:13,2
DA:14,2
DA:15,2
DA:16,33
DA:17,33
DA:18,432
DA:19,183
DA:21,249
DA:24,33
DA:25,33
DA:26,26
DA:28,33
DA:34,28
DA:36,33
DA:37,33
DA:38,2
DA:39,2
DA:40,2
DA:41,2
DA:45,6
DA:46,2
DA:48,6
DA:52,6
DA:55,2
LF:33
LH:33
BRDA:11,0,0,2
BRDA:18,1,0,183
BRDA:18,1,1,249
BRDA:18,2,0,432
BRDA:18,2,1,190
BRDA:25,3,0,26
BRDA:28,4,0,28
BRDA:32,5,0,33
BRDA:32,5,1,0
BRDA:37,6,0,2
BRDA:45,7,0,2
BRDA:45,8,0,6
BRDA:45,8,1,4
BRF:13
BRH:12
end_of_record
TN:
SF:lib\utils\stringUtils.ts
FN:1,(anonymous_0)
FN:5,(anonymous_1)
FN:37,(anonymous_2)
FNF:3
FNH:2
FNDA:249,(anonymous_0)
FNDA:249,(anonymous_1)
FNDA:0,(anonymous_2)
DA:1,2
DA:2,249
DA:5,2
DA:6,249
DA:34,249
DA:37,2
DA:38,0
DA:39,0
DA:40,0
DA:43,0
LF:10
LH:6
BRDA:40,0,0,0
BRDA:40,0,1,0
BRF:2
BRH:0
end_of_record
