TN:
SF:lib\main.ts
FNF:0
FNH:0
DA:1,0
DA:3,0
LF:2
LH:0
BRF:0
BRH:0
end_of_record
TN:
SF:lib\vite-env.d.ts
FNF:0
FNH:0
LF:0
LH:0
BRF:0
BRH:0
end_of_record
TN:
SF:lib\ScrambleText\ScrambleText.stories.ts
FNF:0
FNH:0
DA:3,0
DA:6,0
DA:27,0
DA:32,0
LF:4
LH:0
BRF:0
BRH:0
end_of_record
TN:
SF:lib\ScrambleText\ScrambleText.tsx
FN:16,(anonymous_0)
FNF:1
FNH:1
FNDA:3,(anonymous_0)
DA:7,1
DA:16,1
DA:17,3
DA:19,3
DA:22,1
LF:5
LH:5
BRF:0
BRH:0
end_of_record
TN:
SF:lib\ScrambleText\index.ts
FNF:0
FNH:0
DA:1,0
DA:3,0
LF:2
LH:0
BRF:0
BRH:0
end_of_record
TN:
SF:lib\hooks\stringHooks.ts
FN:5,(anonymous_0)
FN:9,(anonymous_1)
FN:15,(anonymous_2)
FN:48,(anonymous_3)
FNF:4
FNH:4
FNDA:3,(anonymous_0)
FNDA:3,(anonymous_1)
FNDA:15,(anonymous_2)
FNDA:3,(anonymous_3)
DA:1,1
DA:3,1
DA:5,1
DA:6,3
DA:7,3
DA:9,3
DA:10,3
DA:11,3
DA:12,1
DA:13,1
DA:14,1
DA:15,1
DA:16,15
DA:17,15
DA:18,180
DA:19,78
DA:21,102
DA:24,15
DA:25,15
DA:26,12
DA:28,15
DA:34,13
DA:36,15
DA:37,15
DA:38,1
DA:39,1
DA:40,1
DA:41,1
DA:45,3
DA:46,1
DA:48,3
DA:52,3
LF:32
LH:32
BRDA:11,0,0,1
BRDA:18,1,0,78
BRDA:18,1,1,102
BRDA:18,2,0,180
BRDA:18,2,1,81
BRDA:25,3,0,12
BRDA:28,4,0,13
BRDA:32,5,0,15
BRDA:32,5,1,0
BRDA:37,6,0,1
BRDA:45,7,0,1
BRDA:45,8,0,3
BRDA:45,8,1,2
BRF:13
BRH:12
end_of_record
TN:
SF:lib\utils\stringUtils.ts
FN:1,(anonymous_0)
FN:5,(anonymous_1)
FN:37,(anonymous_2)
FNF:3
FNH:2
FNDA:102,(anonymous_0)
FNDA:102,(anonymous_1)
FNDA:0,(anonymous_2)
DA:1,1
DA:2,102
DA:5,1
DA:6,102
DA:34,102
DA:37,1
DA:38,0
DA:39,0
DA:40,0
DA:43,0
LF:10
LH:6
BRDA:40,0,0,0
BRDA:40,0,1,0
BRF:2
BRH:0
end_of_record
